Running from: /usr/share/jenkins/jenkins.war
webroot: EnvVars.masterEnvVars.get("JENKINS_HOME")
2020-06-02 10:20:39.884+0000 [id=1]	WARNING	winstone.Logger#logInternal: Parameter handlerCountMax is now deprecated
2020-06-02 10:20:39.907+0000 [id=1]	INFO	org.eclipse.jetty.util.log.Log#initialized: Logging initialized @439ms to org.eclipse.jetty.util.log.JavaUtilLog
2020-06-02 10:20:40.036+0000 [id=1]	INFO	winstone.Logger#logInternal: Beginning extraction from war file
2020-06-02 10:20:40.074+0000 [id=1]	WARNING	o.e.j.s.handler.ContextHandler#setContextPath: Empty contextPath
2020-06-02 10:20:40.148+0000 [id=1]	INFO	org.eclipse.jetty.server.Server#doStart: jetty-9.4.27.v20200227; built: 2020-02-27T18:37:21.340Z; git: a304fd9f351f337e7c0e2a7c28878dd536149c6c; jvm 1.8.0_242-b08
2020-06-02 10:20:40.441+0000 [id=1]	INFO	o.e.j.w.StandardDescriptorProcessor#visitServlet: NO JSP Support for /, did not find org.eclipse.jetty.jsp.JettyJspServlet
2020-06-02 10:20:40.493+0000 [id=1]	INFO	o.e.j.s.s.DefaultSessionIdManager#doStart: DefaultSessionIdManager workerName=node0
2020-06-02 10:20:40.494+0000 [id=1]	INFO	o.e.j.s.s.DefaultSessionIdManager#doStart: No SessionScavenger set, using defaults
2020-06-02 10:20:40.497+0000 [id=1]	INFO	o.e.j.server.session.HouseKeeper#startScavenging: node0 Scavenging every 660000ms
2020-06-02 10:20:40.861+0000 [id=1]	INFO	hudson.WebAppMain#contextInitialized: Jenkins home directory: /var/jenkins_home found at: EnvVars.masterEnvVars.get("JENKINS_HOME")
2020-06-02 10:20:40.965+0000 [id=1]	INFO	o.e.j.s.handler.ContextHandler#doStart: Started w.@36804139{Jenkins v2.238,/,file:///var/jenkins_home/war/,AVAILABLE}{/var/jenkins_home/war}
2020-06-02 10:20:40.987+0000 [id=1]	INFO	o.e.j.server.AbstractConnector#doStart: Started ServerConnector@4cb2c100{HTTP/1.1, (http/1.1)}{0.0.0.0:8080}
2020-06-02 10:20:40.987+0000 [id=1]	INFO	org.eclipse.jetty.server.Server#doStart: Started @1518ms
2020-06-02 10:20:40.987+0000 [id=21]	INFO	winstone.Logger#logInternal: Winstone Servlet Engine running: controlPort=disabled
2020-06-02 10:20:42.340+0000 [id=28]	INFO	jenkins.InitReactorRunner$1#onAttained: Started initialization
2020-06-02 10:20:42.394+0000 [id=33]	INFO	jenkins.InitReactorRunner$1#onAttained: Listed all plugins
2020-06-02 10:20:43.648+0000 [id=31]	INFO	jenkins.InitReactorRunner$1#onAttained: Prepared all plugins
2020-06-02 10:20:43.653+0000 [id=31]	INFO	jenkins.InitReactorRunner$1#onAttained: Started all plugins
2020-06-02 10:20:43.666+0000 [id=33]	INFO	jenkins.InitReactorRunner$1#onAttained: Augmented all extensions
2020-06-02 10:20:43.913+0000 [id=26]	INFO	jenkins.InitReactorRunner$1#onAttained: System config loaded
2020-06-02 10:20:43.913+0000 [id=26]	INFO	jenkins.InitReactorRunner$1#onAttained: System config adapted
2020-06-02 10:20:43.913+0000 [id=26]	INFO	jenkins.InitReactorRunner$1#onAttained: Loaded all jobs
2020-06-02 10:20:43.914+0000 [id=27]	INFO	jenkins.InitReactorRunner$1#onAttained: Configuration for all jobs updated
2020-06-02 10:20:44.076+0000 [id=46]	INFO	hudson.model.AsyncPeriodicWork#lambda$doRun$0: Started Download metadata
2020-06-02 10:20:44.094+0000 [id=46]	INFO	hudson.model.AsyncPeriodicWork#lambda$doRun$0: Finished Download metadata. 17 ms
2020-06-02 10:20:44.796+0000 [id=28]	INFO	o.s.c.s.AbstractApplicationContext#prepareRefresh: Refreshing org.springframework.web.context.support.StaticWebApplicationContext@4f03f47d: display name [Root WebApplicationContext]; startup date [Tue Jun 02 10:20:44 UTC 2020]; root of context hierarchy
2020-06-02 10:20:44.796+0000 [id=28]	INFO	o.s.c.s.AbstractApplicationContext#obtainFreshBeanFactory: Bean factory for application context [org.springframework.web.context.support.StaticWebApplicationContext@4f03f47d]: org.springframework.beans.factory.support.DefaultListableBeanFactory@3af89b34
2020-06-02 10:20:44.807+0000 [id=28]	INFO	o.s.b.f.s.DefaultListableBeanFactory#preInstantiateSingletons: Pre-instantiating singletons in org.springframework.beans.factory.support.DefaultListableBeanFactory@3af89b34: defining beans [authenticationManager]; root of factory hierarchy
2020-06-02 10:20:45.013+0000 [id=28]	INFO	o.s.c.s.AbstractApplicationContext#prepareRefresh: Refreshing org.springframework.web.context.support.StaticWebApplicationContext@4c8ff7d6: display name [Root WebApplicationContext]; startup date [Tue Jun 02 10:20:45 UTC 2020]; root of context hierarchy
2020-06-02 10:20:45.013+0000 [id=28]	INFO	o.s.c.s.AbstractApplicationContext#obtainFreshBeanFactory: Bean factory for application context [org.springframework.web.context.support.StaticWebApplicationContext@4c8ff7d6]: org.springframework.beans.factory.support.DefaultListableBeanFactory@e2ee21f
2020-06-02 10:20:45.014+0000 [id=28]	INFO	o.s.b.f.s.DefaultListableBeanFactory#preInstantiateSingletons: Pre-instantiating singletons in org.springframework.beans.factory.support.DefaultListableBeanFactory@e2ee21f: defining beans [filter,legacy]; root of factory hierarchy
2020-06-02 10:20:45.080+0000 [id=28]	INFO	jenkins.InitReactorRunner$1#onAttained: Completed initialization
2020-06-02 10:20:45.228+0000 [id=20]	INFO	hudson.WebAppMain$3#run: Jenkins is fully up and running
2020-06-02 10:23:26.272+0000 [id=22]	INFO	winstone.Logger#logInternal: JVM is terminating. Shutting down Jetty
